# JRE version: OpenJDK Runtime Environment (11.0.3+7) (build 11.0.3+7)
# Java VM: OpenJDK 64-Bit Server VM (11.0.3+7, mixed mode, tiered, compressed oops, g1 gc, linux-amd64)
Heap:
 garbage-first heap   total 512000K, used 33652K [0x00000000e0000000, 0x0000000100000000)
  region size 1024K, 13 young (13312K), 10 survivors (10240K)
 Metaspace       used 49644K, capacity 50779K, committed 50896K, reserved 1093632K
  class space    used 6548K, capacity 6978K, committed 7040K, reserved 1048576K
GC Heap History (10 events):
Event: 0,332 GC heap before
{Heap before GC invocations=0 (full 0):
 garbage-first heap   total 512000K, used 29696K [0x00000000e0000000, 0x0000000100000000)
  region size 1024K, 25 young (25600K), 0 survivors (0K)
 Metaspace       used 12697K, capacity 12859K, committed 13184K, reserved 1060864K
  class space    used 1359K, capacity 1405K, committed 1408K, reserved 1048576K
}
Event: 0,335 GC heap after
{Heap after GC invocations=1 (full 0):
 garbage-first heap   total 512000K, used 9824K [0x00000000e0000000, 0x0000000100000000)
  region size 1024K, 4 young (4096K), 4 survivors (4096K)
 Metaspace       used 12697K, capacity 12859K, committed 13184K, reserved 1060864K
  class space    used 1359K, capacity 1405K, committed 1408K, reserved 1048576K
}
Event: 0,956 GC heap before
{Heap before GC invocations=1 (full 0):
 garbage-first heap   total 512000K, used 256608K [0x00000000e0000000, 0x0000000100000000)
  region size 1024K, 244 young (249856K), 4 survivors (4096K)
 Metaspace       used 20658K, capacity 20997K, committed 21296K, reserved 1067008K
  class space    used 2697K, capacity 2825K, committed 2944K, reserved 1048576K
}
Event: 0,967 GC heap after
{Heap after GC invocations=2 (full 0):
 garbage-first heap   total 512000K, used 21754K [0x00000000e0000000, 0x0000000100000000)
  region size 1024K, 13 young (13312K), 13 survivors (13312K)
 Metaspace       used 20658K, capacity 20997K, committed 21296K, reserved 1067008K
  class space    used 2697K, capacity 2825K, committed 2944K, reserved 1048576K
}
Event: 1,260 GC heap before
{Heap before GC invocations=3 (full 0):
 garbage-first heap   total 512000K, used 83194K [0x00000000e0000000, 0x0000000100000000)
  region size 1024K, 73 young (74752K), 13 survivors (13312K)
 Metaspace       used 26755K, capacity 27280K, committed 27696K, reserved 1073152K
  class space    used 3656K, capacity 3859K, committed 3968K, reserved 1048576K
}
Event: 1,265 GC heap after
{Heap after GC invocations=4 (full 0):
 garbage-first heap   total 512000K, used 23911K [0x00000000e0000000, 0x0000000100000000)
  region size 1024K, 2 young (2048K), 2 survivors (2048K)
 Metaspace       used 26755K, capacity 27280K, committed 27696K, reserved 1073152K
  class space    used 3656K, capacity 3859K, committed 3968K, reserved 1048576K
}
Event: 1,625 GC heap before
{Heap before GC invocations=4 (full 0):
 garbage-first heap   total 512000K, used 88423K [0x00000000e0000000, 0x0000000100000000)
  region size 1024K, 66 young (67584K), 2 survivors (2048K)
 Metaspace       used 34864K, capacity 35514K, committed 35920K, reserved 1081344K
  class space    used 4807K, capacity 5029K, committed 5120K, reserved 1048576K
}
Event: 1,630 GC heap after
{Heap after GC invocations=5 (full 0):
 garbage-first heap   total 512000K, used 26828K [0x00000000e0000000, 0x0000000100000000)
  region size 1024K, 5 young (5120K), 5 survivors (5120K)
 Metaspace       used 34864K, capacity 35514K, committed 35920K, reserved 1081344K
  class space    used 4807K, capacity 5029K, committed 5120K, reserved 1048576K
}
Event: 2,335 GC heap before
{Heap before GC invocations=6 (full 0):
 garbage-first heap   total 512000K, used 139468K [0x00000000e0000000, 0x0000000100000000)
  region size 1024K, 110 young (112640K), 5 survivors (5120K)
 Metaspace       used 49520K, capacity 50573K, committed 50768K, reserved 1093632K
  class space    used 6525K, capacity 6910K, committed 6912K, reserved 1048576K
}
Event: 2,343 GC heap after
{Heap after GC invocations=7 (full 0):
 garbage-first heap   total 512000K, used 31604K [0x00000000e0000000, 0x0000000100000000)
  region size 1024K, 10 young (10240K), 10 survivors (10240K)
 Metaspace       used 49520K, capacity 50573K, committed 50768K, reserved 1093632K
  class space    used 6525K, capacity 6910K, committed 6912K, reserved 1048576K
}

